<?xml version="1.0" encoding="UTF-8"?>
<!-- Generated by org.testng.reporters.JUnitReportReporter -->
<testsuite hostname="Monashris-MBP" failures="0" tests="1" name="assessmentmona.Draganddrop" time="13.136" errors="0" timestamp="2023-02-20T02:52:37 SGT" skipped="0">
  <testcase classname="assessmentmona.Draganddrop" name="squareAtoB" time="13.136"/>
  <system-out/>
</testsuite> <!-- assessmentmona.Draganddrop -->
