<?xml version="1.0" encoding="UTF-8"?>
<!-- Generated by org.testng.reporters.JUnitReportReporter -->
<testsuite hostname="Monashris-MBP" failures="0" tests="3" name="assessmentmona.Formauthentication" time="24.799" errors="0" timestamp="2023-02-20T09:26:36 SGT" skipped="0">
  <testcase classname="assessmentmona.Formauthentication" name="loginfailedincorrectpwd" time="8.130"/>
  <system-out/>
  <testcase classname="assessmentmona.Formauthentication" name="loginfailedincorrectusername" time="7.921"/>
  <system-out/>
  <testcase classname="assessmentmona.Formauthentication" name="loginsuccessful" time="8.748"/>
  <system-out/>
</testsuite> <!-- assessmentmona.Formauthentication -->
