<?xml version="1.0" encoding="UTF-8"?>
<!-- Generated by org.testng.reporters.JUnitReportReporter -->
<testsuite hostname="Monashris-MBP" failures="0" tests="2" name="assessmentmona.Keypresses" time="18.147" errors="0" timestamp="2023-02-20T04:33:48 SGT" skipped="0">
  <testcase classname="assessmentmona.Keypresses" name="keypresses" time="10.333"/>
  <system-out/>
  <testcase classname="assessmentmona.Keypresses" name="getData" time="7.814"/>
  <system-out/>
</testsuite> <!-- assessmentmona.Keypresses -->
