<?xml version="1.0" encoding="UTF-8"?>
<!-- Generated by org.testng.reporters.JUnitReportReporter -->
<testsuite hostname="Monashris-MBP" failures="0" tests="1" name="assessmentmona.basicchecks" time="8.424" errors="0" timestamp="2023-02-19T01:20:12 SGT" skipped="0">
  <testcase classname="assessmentmona.basicchecks" name="verifycheckbox" time="8.424"/>
  <system-out/>
</testsuite> <!-- assessmentmona.basicchecks -->
