<?xml version="1.0" encoding="UTF-8"?>
<!-- Generated by org.testng.reporters.JUnitReportReporter -->
<testsuite hostname="Monashris-MBP" failures="0" tests="3" name="assessmentmona.baseutils" time="27.505" errors="0" timestamp="2023-02-18T17:55:49 SGT" skipped="0">
  <testcase classname="assessmentmona.baseutils" name="verifyclick" time="8.429"/>
  <system-out/>
  <testcase classname="assessmentmona.baseutils" name="verifyBasics" time="7.028"/>
  <system-out/>
  <testcase classname="assessmentmona.baseutils" name="verifyaddRemoveitems" time="12.048"/>
  <system-out/>
</testsuite> <!-- assessmentmona.baseutils -->
