<?xml version="1.0" encoding="UTF-8"?>
<!-- Generated by org.testng.reporters.JUnitReportReporter -->
<testsuite hostname="Monashris-MBP" failures="0" tests="2" name="assessmentmona.Inputtest" time="19.301" errors="0" timestamp="2023-02-20T04:25:12 SGT" skipped="0">
  <testcase classname="assessmentmona.Inputtest" name="inputtest" time="7.966"/>
  <system-out/>
  <testcase classname="assessmentmona.Inputtest" name="getData" time="11.335"/>
  <system-out/>
</testsuite> <!-- assessmentmona.Inputtest -->
