<?xml version="1.0" encoding="UTF-8"?>
<!-- Generated by org.testng.reporters.JUnitReportReporter -->
<testsuite hostname="Monashris-MBP" failures="0" tests="2" name="assessmentmona.Verifykeypresses" time="19.139" errors="0" timestamp="2023-02-20T09:26:36 SGT" skipped="0">
  <testcase classname="assessmentmona.Verifykeypresses" name="keypresseEnter" time="9.806"/>
  <system-out/>
  <testcase classname="assessmentmona.Verifykeypresses" name="keypressespace" time="9.333"/>
  <system-out/>
</testsuite> <!-- assessmentmona.Verifykeypresses -->
