<?xml version="1.0" encoding="UTF-8"?>
<!-- Generated by org.testng.reporters.JUnitReportReporter -->
<testsuite hostname="Monashris-MBP" failures="0" tests="1" name="assessmentmona.VerifycheckBox" time="7.151" errors="0" timestamp="2023-02-20T09:26:36 SGT" skipped="0">
  <testcase classname="assessmentmona.VerifycheckBox" name="verifycheckboxcheck" time="7.151"/>
  <system-out/>
</testsuite> <!-- assessmentmona.VerifycheckBox -->
