<?xml version="1.0" encoding="UTF-8"?>
<!-- Generated by org.testng.reporters.JUnitReportReporter -->
<testsuite hostname="Monashris-MBP" failures="0" tests="1" name="assessmentmona.Verifyclick" time="7.071" errors="0" timestamp="2023-02-20T09:26:36 SGT" skipped="0">
  <testcase classname="assessmentmona.Verifyclick" name="verifyClick" time="7.071"/>
  <system-out/>
</testsuite> <!-- assessmentmona.Verifyclick -->
